producer_class	xtools.gsea.GseaPreranked
producer_timestamp	1586507860299
param	rpt_label	my_analysis
param	rnd_seed	timestamp
param	set_min	15
param	zip_report	false
param	create_svgs	false
param	scoring_scheme	weighted
param	rnk	/Users/minhanho/rankings.rnk
param	norm	meandiv
param	out	/Users/minhanho/gsea_home/output/apr10
param	mode	Max_probe
param	include_only_symbols	true
param	help	false
param	set_max	500
param	gmx	/Users/minhanho/Human_GOBP_AllPathways_no_GO_iea_February_01_2020_symbol.gmt
param	make_sets	true
param	plot_top_x	20
param	gui	false
param	nperm	1000
param	collapse	No_Collapse

file	/Users/minhanho/gsea_home/output/apr10/my_analysis.GseaPreranked.1586507860299/index.html
